<?xml version="1.0" encoding="UTF-8"?>
<!-- Generated by org.testng.reporters.JUnitReportReporter -->
<testsuite skipped="0" hostname="chaitanya" name="MainTestcase.Saplingtest_spreadsheet" tests="1" failures="0" timestamp="18 Jun 2019 06:20:49 GMT" time="146.223" errors="0">
  <testcase name="Test" time="146.223" classname="MainTestcase.Saplingtest_spreadsheet"/>
</testsuite> <!-- MainTestcase.Saplingtest_spreadsheet -->
