<?xml version="1.0" encoding="UTF-8"?>
<!-- Generated by org.testng.reporters.JUnitReportReporter -->
<testsuite skipped="1" hostname="chaitanya" name="MainTestcase.Saplingtest_spreadsheet" tests="2" failures="0" timestamp="17 Jun 2019 03:01:40 GMT" time="499.307" errors="0">
  <testcase name="Test" time="499.307" classname="MainTestcase.Saplingtest_spreadsheet"/>
  <testcase name="Test2" classname="MainTestcase.Saplingtest_spreadsheet">
    <skipped/>
  </testcase> <!-- Test2 -->
</testsuite> <!-- MainTestcase.Saplingtest_spreadsheet -->
