<?xml version="1.0" encoding="UTF-8"?>
<!-- Generated by org.testng.reporters.JUnitReportReporter -->
<testsuite skipped="0" hostname="CHAITANYA" name="MainTestcase.AppTest" tests="2" failures="0" timestamp="26 Aug 2018 17:02:41 GMT" time="158.851" errors="0">
  <testcase name="Usercreation" time="78.750" classname="MainTestcase.AppTest"/>
  <testcase name="Empcreation" time="80.101" classname="MainTestcase.AppTest"/>
</testsuite> <!-- MainTestcase.AppTest -->
